[90m2025-08-20T11:27:27.716Z[39m [96mINFO[39m [97m@wdio/browserstack-service[39m BrowserStack service started with id: 7ae16b9d-e8fc-4b6f-9c3b-3f30671603a1
[90m2025-08-20T11:27:27.718Z[39m [32mDEBUG[39m [97m@wdio/browserstack-service[39m Sending SDK event with data {
  userName: '[REDACTED]',
  accessKey: '[REDACTED]',
  event_type: 'SDKTestAttempted',
  detectedFramework: 'WebdriverIO-mocha',
  event_properties: {
    sdkRunId: '7ae16b9d-e8fc-4b6f-9c3b-3f30671603a1',
    testhub_uuid: undefined,
    language_framework: 'WebdriverIO_mocha',
    referrer: 'WebdriverIO-mocha/9.19.0',
    language: 'WebdriverIO',
    languageVersion: 'v22.16.0',
    buildName: 'undefined',
    buildIdentifier: 'undefined',
    os: 'Darwin',
    hostname: 'THINHYDL122-2.local',
    productMap: {
      observability: true,
      accessibility: null,
      percy: false,
      automate: true,
      app_automate: false
    },
    product: [ 'observability', 'automate' ],
    framework: 'mocha'
  }
}
[90m2025-08-20T11:27:28.135Z[39m [32mDEBUG[39m [97m@wdio/browserstack-service[39m Funnel Event Response: "{\"message\":\"SDK Event recorded successfully\"}"
[90m2025-08-20T11:27:28.135Z[39m [32mDEBUG[39m [97m@wdio/browserstack-service[39m Funnel event success
[90m2025-08-20T11:27:28.135Z[39m [32mDEBUG[39m [97m@wdio/browserstack-service[39m app is not defined in browserstack-service config, skipping ...
[90m2025-08-20T11:27:28.135Z[39m [33mWARN[39m [97m@wdio/browserstack-service[39m Accessibility Automation will run only on Chrome browsers.
[90m2025-08-20T11:27:28.135Z[39m [32mDEBUG[39m [97m@wdio/browserstack-service[39m Sending launch start event
[90m2025-08-20T11:27:29.786Z[39m [32mDEBUG[39m [97m@wdio/browserstack-service[39m [Start_Build] Success response: {"observability":{"success":true,"options":{"allow_screenshots":true},"code":null,"errors":null,"error_trace_id":null},"accessibility":null,"automate":{"success":true,"options":{"allow_screenshots":true},"code":null,"errors":null,"error_trace_id":null},"turboscale":null,"build_hashed_id":"lznavuopfggnjhkxna90htxrxmxsr9oc5swakjbj","jwt":"eyJhbGciOiJIUzI1NiJ9.eyJpc3MiOiJicm93c2Vyc3RhY2tfb2IiLCJzdWIiOiI5MDAyNDk2IiwiZ3JvdXBfaWQiOjg5MTM2NDUsInVzZXJfaWQiOjkwMDI0OTYsImJ1aWxkX2hhc2hlZF9pZCI6Imx6bmF2dW9wZmdnbmpoa3huYTkwaHR4cnhteHNyOW9jNXN3YWtqYmoiLCJob29rX2FzX3Rlc3QiOiIxIiwiYnVpbGRfbmFtZSI6IklPUyIsInByb2R1Y3RfbWFwIjoie1wib2JzZXJ2YWJpbGl0eVwiOnRydWUsXCJhdXRvbWF0ZVwiOnRydWUsXCJic3RhY2tBdXRvbWF0aW9uXCI6dHJ1ZSxcImNhZFwiOnRydWUsXCJvcmlnaW5Gcm9tUHJvZHVjdE1hcFwiOlwiQXV0b21hdGVcIixcImFjY2Vzc2liaWxpdHlBdXRvRW5hYmxlZFwiOnRydWUsXCJub25TREtcIjpmYWxzZX0iLCJncnJfcmVnaW9uIjoiIiwiaXNfbG93X3ZvbHVtZSI6ZmFsc2UsInNpZ25pbmdfa2V5X2hhc2giOiIzN2MxMTMxZTRiMmU3NDNjNzY2ZTFkNzBiZjVmMmI1N2RjNjliMTk1ZDMwMGUzMmFlOGQwMjMxMjBhNGE2ZDk3IiwiaWF0IjoxNzU1Njg5MjQ5LCJleHAiOjE3NTYwMzQ4NDl9.1VbobyeNzuGV6g17j2wswkjg8TW6Wn4Lo6Bukez1xGE","discard_build":null,"app_automate":null}
[90m2025-08-20T11:27:29.786Z[39m [96mINFO[39m [97m@wdio/browserstack-service[39m Testhub started with id: lznavuopfggnjhkxna90htxrxmxsr9oc5swakjbj
[90m2025-08-20T11:27:29.788Z[39m [96mINFO[39m [97m@wdio/browserstack-service[39m browserstackLocal is not enabled - skipping...
[90m2025-08-20T11:27:34.703Z[39m [32mDEBUG[39m [97m@wdio/browserstack-service[39m Successfully uploaded performance events Bravo
